<?xml version="1.0" encoding="UTF-8"?>
<testsuite xmlns:xsi="http://www.w3.org/2001/XMLSchema-instance" xsi:noNamespaceSchemaLocation="https://maven.apache.org/surefire/maven-surefire-plugin/xsd/surefire-test-report.xsd" name="com.vplus.maven.vplus.AppTest" time="58.621" tests="63" errors="0" skipped="0" failures="0">
  <properties>
[...]
</properties>
  <testcase name="getCourseRate" classname="com.vplus.maven.vplus.AppTest" time="1.39"/>
  <testcase name="searchKeywordsProf" classname="com.vplus.maven.vplus.AppTest" time="0.442"/>
  <testcase name="selectByNumSec" classname="com.vplus.maven.vplus.AppTest" time="0.408"/>
  <testcase name="getReviewWordsExp" classname="com.vplus.maven.vplus.AppTest" time="0.381"/>
  <testcase name="reviewServiceTest" classname="com.vplus.maven.vplus.AppTest" time="0.368"/>
  <testcase name="getWordsProfessorValidEqHasRecord" classname="com.vplus.maven.vplus.AppTest" time="0.357"/>
  <testcase name="selectAllCourses" classname="com.vplus.maven.vplus.AppTest" time="0.321"/>
  <testcase name="searchKeywords" classname="com.vplus.maven.vplus.AppTest" time="0.399"/>
  <testcase name="selectAllReviews" classname="com.vplus.maven.vplus.AppTest" time="0.268"/>
  <testcase name="filterByPrerequisitesValidEqHasPreq" classname="com.vplus.maven.vplus.AppTest" time="0.293"/>
  <testcase name="courseModelGet" classname="com.vplus.maven.vplus.AppTest" time="0.338"/>
  <testcase name="getReviewCourseNotNull" classname="com.vplus.maven.vplus.AppTest" time="0.283"/>
  <testcase name="selectAllReviewsExp" classname="com.vplus.maven.vplus.AppTest" time="0.297"/>
  <testcase name="getWordsProfessorInvalidEqInvalidNameLengthOne" classname="com.vplus.maven.vplus.AppTest" time="0.28"/>
  <testcase name="testTopic" classname="com.vplus.maven.vplus.AppTest" time="4.523"/>
  <testcase name="selectAllCoursesExp" classname="com.vplus.maven.vplus.AppTest" time="0.273"/>
  <testcase name="getWordsService" classname="com.vplus.maven.vplus.AppTest" time="0.259"/>
  <testcase name="testMain" classname="com.vplus.maven.vplus.AppTest" time="5.841"/>
  <testcase name="test_DAO" classname="com.vplus.maven.vplus.AppTest" time="0.268"/>
  <testcase name="parseResponse" classname="com.vplus.maven.vplus.AppTest" time="0.648"/>
  <testcase name="recommendCoursesInValidEqTestBoundaryAboveMax" classname="com.vplus.maven.vplus.AppTest" time="0.246"/>
  <testcase name="getCourseRatingExp" classname="com.vplus.maven.vplus.AppTest" time="0.262"/>
  <testcase name="testNotInterested" classname="com.vplus.maven.vplus.AppTest" time="2.839"/>
  <testcase name="getReviewProfNotNull" classname="com.vplus.maven.vplus.AppTest" time="0.268"/>
  <testcase name="filterByPrerequisitesValidEqNoPreq" classname="com.vplus.maven.vplus.AppTest" time="0.249"/>
  <testcase name="getReviewCourseProfNotNull" classname="com.vplus.maven.vplus.AppTest" time="0.292"/>
  <testcase name="masterControllerGetCourseService" classname="com.vplus.maven.vplus.AppTest" time="0.212"/>
  <testcase name="getAllTopics" classname="com.vplus.maven.vplus.AppTest" time="0.222"/>
  <testcase name="searchCourseExp" classname="com.vplus.maven.vplus.AppTest" time="0.227"/>
  <testcase name="setContext" classname="com.vplus.maven.vplus.AppTest" time="0.51"/>
  <testcase name="testTakenCourses" classname="com.vplus.maven.vplus.AppTest" time="3.903"/>
  <testcase name="recommendCoursesValidEqTestBoundaryMax" classname="com.vplus.maven.vplus.AppTest" time="0.206"/>
  <testcase name="recommendCoursesValidEqTestBoundaryMin" classname="com.vplus.maven.vplus.AppTest" time="0.393"/>
  <testcase name="readCourses" classname="com.vplus.maven.vplus.AppTest" time="0.232"/>
  <testcase name="getWordsProfessorInvalidEqInvalidNameLengthThree" classname="com.vplus.maven.vplus.AppTest" time="0.237"/>
  <testcase name="searchCoursesExp" classname="com.vplus.maven.vplus.AppTest" time="0.211"/>
  <testcase name="findAllInstructors" classname="com.vplus.maven.vplus.AppTest" time="0.201"/>
  <testcase name="getReviewExp" classname="com.vplus.maven.vplus.AppTest" time="0.211"/>
  <testcase name="toStringTest" classname="com.vplus.maven.vplus.AppTest" time="0.215"/>
  <testcase name="testInstructor" classname="com.vplus.maven.vplus.AppTest" time="2.426"/>
  <testcase name="getReviewWords" classname="com.vplus.maven.vplus.AppTest" time="0.185"/>
  <testcase name="setContextExp" classname="com.vplus.maven.vplus.AppTest" time="0.398"/>
  <testcase name="recommendCoursesApp" classname="com.vplus.maven.vplus.AppTest" time="0.705"/>
  <testcase name="recommendCoursesValidEq" classname="com.vplus.maven.vplus.AppTest" time="0.377"/>
  <testcase name="getWordsProfessorInvalidEqNullString" classname="com.vplus.maven.vplus.AppTest" time="0.213"/>
  <testcase name="getWordsProfessorValidEqNoRecord" classname="com.vplus.maven.vplus.AppTest" time="0.186"/>
  <testcase name="getMasterController" classname="com.vplus.maven.vplus.AppTest" time="0.241"/>
  <testcase name="recommendCoursesInValidEqTestBoundaryNull" classname="com.vplus.maven.vplus.AppTest" time="0.195"/>
  <testcase name="testBreadthCourses" classname="com.vplus.maven.vplus.AppTest" time="0.192"/>
  <testcase name="filterByPrerequisitesInvalidEqTestBoundaryNull" classname="com.vplus.maven.vplus.AppTest" time="0.178"/>
  <testcase name="processTakenCoursesValidEqTestBoundaryMin" classname="com.vplus.maven.vplus.AppTest" time="0.204"/>
  <testcase name="createLambda" classname="com.vplus.maven.vplus.AppTest" time="0.217"/>
  <testcase name="searchKeywordsDes" classname="com.vplus.maven.vplus.AppTest" time="0.204"/>
  <testcase name="getCourseDao" classname="com.vplus.maven.vplus.AppTest" time="0.204"/>
  <testcase name="recommendCoursesValidEqTestBoundaryBelowMax" classname="com.vplus.maven.vplus.AppTest" time="0.321"/>
  <testcase name="processTakenCoursesApp" classname="com.vplus.maven.vplus.AppTest" time="0.204"/>
  <testcase name="getWordsProfessorInvalidEqEmptyString" classname="com.vplus.maven.vplus.AppTest" time="0.214"/>
  <testcase name="filterByPrerequisitesInvalidEqTestBoundaryMin" classname="com.vplus.maven.vplus.AppTest" time="0.192"/>
  <testcase name="processTakenCoursesValidEq" classname="com.vplus.maven.vplus.AppTest" time="0.195"/>
  <testcase name="getInstructorsExp" classname="com.vplus.maven.vplus.AppTest" time="0.303"/>
  <testcase name="reviewModelGet" classname="com.vplus.maven.vplus.AppTest" time="0.196"/>
  <testcase name="processTakenCoursesInValidEqTestBoundaryNull" classname="com.vplus.maven.vplus.AppTest" time="0.206"/>
  <testcase name="getReviewNull" classname="com.vplus.maven.vplus.AppTest" time="0.183"/>
</testsuite>