GROUP,PACKAGE,CLASS,INSTRUCTION_MISSED,INSTRUCTION_COVERED,BRANCH_MISSED,BRANCH_COVERED,LINE_MISSED,LINE_COVERED,COMPLEXITY_MISSED,COMPLEXITY_COVERED,METHOD_MISSED,METHOD_COVERED
vplus,com.vplus.controller,MasterController,41,180,8,30,10,49,6,26,2,11
vplus,com.vplus.models,ReviewModel,0,60,0,0,0,17,0,12,0,12
vplus,com.vplus.models,CourseModel,16,191,1,3,0,45,2,28,1,27
vplus,com.vplus.dao,CourseDAO,175,266,8,12,25,85,6,9,0,5
vplus,com.vplus.dao,ReviewDAO,104,359,4,22,4,113,4,15,0,6
vplus,com.vplus,Application,530,256,62,14,142,62,53,18,21,11
vplus,com.vplus.service,ReviewService,1,158,2,10,1,29,2,11,0,7
vplus,com.vplus.service,CourseService,5,54,0,6,1,15,1,9,1,6
