GROUP,PACKAGE,CLASS,INSTRUCTION_MISSED,INSTRUCTION_COVERED,BRANCH_MISSED,BRANCH_COVERED,LINE_MISSED,LINE_COVERED,COMPLEXITY_MISSED,COMPLEXITY_COVERED,METHOD_MISSED,METHOD_COVERED
vplus,com.vplus.controller,MasterController,84,315,10,50,21,63,10,31,2,9
vplus,com.vplus.models,CourseModel,142,63,4,0,29,29,13,17,11,17
vplus,com.vplus.models,TrackModel,45,0,0,0,11,0,8,0,8,0
vplus,com.vplus.dao,CourseDAO,37,145,1,7,5,39,1,6,0,3
vplus,com.vplus.dao,TrackDAO,92,7,4,0,26,3,3,2,1,2
vplus,com.vplus,Application,158,99,5,7,39,18,9,7,6,4
vplus,com.vplus.service,TrackService,7,7,0,0,2,3,2,2,2,2
vplus,com.vplus.service,CourseService,37,11,6,0,8,4,5,3,2,3
