GROUP,PACKAGE,CLASS,INSTRUCTION_MISSED,INSTRUCTION_COVERED,BRANCH_MISSED,BRANCH_COVERED,LINE_MISSED,LINE_COVERED,COMPLEXITY_MISSED,COMPLEXITY_COVERED,METHOD_MISSED,METHOD_COVERED
vplus,com.vplus.controller,MasterController,15,376,10,64,1,82,7,42,0,12
vplus,com.vplus.models,ReviewModel,0,60,0,0,0,17,0,12,0,12
vplus,com.vplus.models,CourseModel,0,207,1,3,0,45,1,29,0,28
vplus,com.vplus.dao,CourseDAO,83,358,3,17,5,105,3,12,0,5
vplus,com.vplus.dao,ReviewDAO,104,357,4,22,4,113,4,15,0,6
vplus,com.vplus,Application,402,261,40,14,75,63,23,18,3,11
vplus,com.vplus.service,ReviewService.new Comparator() {...},0,29,0,4,0,6,0,4,0,2
vplus,com.vplus.service,ReviewService,0,184,1,13,0,35,1,12,0,6
vplus,com.vplus.service,CourseService,0,59,0,6,0,16,0,10,0,7
